2022-05-23 12:48:57,334 [Worker-4: Loading available Gradle versions] INFO  o.e.b.c.i.u.g.PublishedGradleVersions - Gradle version information cache is not available. Remote download required.
2022-05-23 13:14:16,366 [Worker-0: Loading available Gradle versions] INFO  o.e.b.c.i.u.g.PublishedGradleVersions - Gradle version information cache is up-to-date. Trying to read.
2022-05-23 13:17:38,270 [ModalContext] INFO  o.e.m.c.i.e.AbstractTransferListenerAdapter - Downloading https://repo1.maven.org/maven2/am/ik/archetype/elm-spring-boot-blank-archetype/0.0.1/elm-spring-boot-blank-archetype-0.0.1.jar
2022-05-23 13:17:38,345 [ModalContext] INFO  o.e.m.c.i.e.AbstractTransferListenerAdapter - Downloaded https://repo1.maven.org/maven2/am/ik/archetype/elm-spring-boot-blank-archetype/0.0.1/elm-spring-boot-blank-archetype-0.0.1.jar
2022-05-23 13:17:38,373 [ModalContext] INFO  o.e.m.c.i.e.AbstractTransferListenerAdapter - Downloading https://repo1.maven.org/maven2/am/ik/archetype/elm-spring-boot-blank-archetype/0.0.1/elm-spring-boot-blank-archetype-0.0.1.pom
2022-05-23 13:17:38,398 [ModalContext] INFO  o.e.m.c.i.e.AbstractTransferListenerAdapter - Downloaded https://repo1.maven.org/maven2/am/ik/archetype/elm-spring-boot-blank-archetype/0.0.1/elm-spring-boot-blank-archetype-0.0.1.pom
2022-05-23 13:18:29,669 [Worker-19: Creating elm-spring-boot-blank-archetype] ERROR o.e.m.c.i.p.ProjectConfigurationManager - Unable to create project from archetype [am.ik.archetype:elm-spring-boot-blank-archetype:0.0.1 -> https://repo1.maven.org/maven2]
org.apache.maven.archetype.exception.ArchetypeGenerationFailure: org.apache.maven.archetype.exception.InvalidPackaging: Unable to add module to the current project as it is not of packaging type 'pom'
	at org.apache.maven.archetype.generator.DefaultFilesetArchetypeGenerator.generateArchetype(DefaultFilesetArchetypeGenerator.java:237) ~[na:na]
	at org.apache.maven.archetype.generator.DefaultArchetypeGenerator.processFileSetArchetype(DefaultArchetypeGenerator.java:129) ~[na:na]
	at org.apache.maven.archetype.generator.DefaultArchetypeGenerator.generateArchetype(DefaultArchetypeGenerator.java:100) ~[na:na]
	at org.apache.maven.archetype.generator.DefaultArchetypeGenerator.generateArchetype(DefaultArchetypeGenerator.java:143) ~[na:na]
	at org.apache.maven.archetype.generator.DefaultArchetypeGenerator.generateArchetype(DefaultArchetypeGenerator.java:169) ~[na:na]
	at org.apache.maven.archetype.DefaultArchetypeManager.generateProjectFromArchetype(DefaultArchetypeManager.java:73) ~[na:na]
	at org.eclipse.m2e.core.internal.project.ProjectConfigurationManager.createArchetypeProjects0(ProjectConfigurationManager.java:840) ~[na:na]
	at org.eclipse.m2e.core.internal.project.ProjectConfigurationManager.lambda$3(ProjectConfigurationManager.java:790) ~[na:na]
	at org.eclipse.m2e.core.internal.embedder.MavenExecutionContext.executeBare(MavenExecutionContext.java:179) ~[na:na]
	at org.eclipse.m2e.core.internal.embedder.MavenExecutionContext.execute(MavenExecutionContext.java:153) ~[na:na]
	at org.eclipse.m2e.core.internal.embedder.MavenExecutionContext.execute(MavenExecutionContext.java:101) ~[na:na]
	at org.eclipse.m2e.core.internal.embedder.MavenImpl.execute(MavenImpl.java:1375) ~[na:na]
	at org.eclipse.m2e.core.internal.project.ProjectConfigurationManager.createArchetypeProjects(ProjectConfigurationManager.java:790) ~[na:na]
	at org.eclipse.m2e.core.ui.internal.wizards.MavenProjectWizard$4.doCreateMavenProjects(MavenProjectWizard.java:239) ~[org.eclipse.m2e.core.ui_1.14.0.20191209-1925.jar:na]
	at org.eclipse.m2e.core.ui.internal.wizards.AbstractCreateMavenProjectJob$1.doCreateMavenProjects(AbstractCreateMavenProjectJob.java:65) ~[org.eclipse.m2e.core.ui_1.14.0.20191209-1925.jar:na]
	at org.eclipse.m2e.core.ui.internal.wizards.AbstractCreateMavenProjectsOperation.run(AbstractCreateMavenProjectsOperation.java:75) ~[org.eclipse.m2e.core.ui_1.14.0.20191209-1925.jar:na]
	at org.eclipse.m2e.core.ui.internal.wizards.AbstractCreateMavenProjectJob.runInWorkspace(AbstractCreateMavenProjectJob.java:69) ~[org.eclipse.m2e.core.ui_1.14.0.20191209-1925.jar:na]
	at org.eclipse.core.internal.resources.InternalWorkspaceJob.run(InternalWorkspaceJob.java:42) ~[na:na]
	at org.eclipse.core.internal.jobs.Worker.run(Worker.java:63) ~[org.eclipse.core.jobs_3.10.600.v20191122-2104.jar:na]
Caused by: org.apache.maven.archetype.exception.InvalidPackaging: Unable to add module to the current project as it is not of packaging type 'pom'
	at org.apache.maven.archetype.common.DefaultPomManager.addModule(DefaultPomManager.java:99) ~[na:na]
	at org.apache.maven.archetype.generator.DefaultFilesetArchetypeGenerator.processPomWithParent(DefaultFilesetArchetypeGenerator.java:680) ~[na:na]
	at org.apache.maven.archetype.generator.DefaultFilesetArchetypeGenerator.processFilesetProject(DefaultFilesetArchetypeGenerator.java:621) ~[na:na]
	at org.apache.maven.archetype.generator.DefaultFilesetArchetypeGenerator.processFilesetModule(DefaultFilesetArchetypeGenerator.java:564) ~[na:na]
	at org.apache.maven.archetype.generator.DefaultFilesetArchetypeGenerator.generateArchetype(DefaultFilesetArchetypeGenerator.java:203) ~[na:na]
	... 18 common frames omitted
2022-05-23 15:11:34,040 [Worker-12: Loading available Gradle versions] INFO  o.e.b.c.i.u.g.PublishedGradleVersions - Gradle version information cache is up-to-date. Trying to read.
